This is pdfTeX, Version 3.141592653-2.6-1.40.24 (TeX Live 2022) (preloaded format=pdflatex 2022.11.20)  30 NOV 2022 18:38
entering extended mode
 restricted \write18 enabled.
 %&-line parsing enabled.
**tfe_principal.tex
(./tfe_principal.tex
LaTeX2e <2022-11-01>
L3 programming layer <2022-11-02> (/home/macosma1/.TinyTeX/texmf-dist/tex/latex/base/book.cls
Document Class: book 2022/07/02 v1.4n Standard LaTeX document class
(/home/macosma1/.TinyTeX/texmf-dist/tex/latex/base/bk12.clo
File: bk12.clo 2022/07/02 v1.4n Standard LaTeX file (size option)
)
\c@part=\count185
\c@chapter=\count186
\c@section=\count187
\c@subsection=\count188
\c@subsubsection=\count189
\c@paragraph=\count190
\c@subparagraph=\count191
\c@figure=\count192
\c@table=\count193
\abovecaptionskip=\skip47
\belowcaptionskip=\skip48
\bibindent=\dimen140
) (/home/macosma1/.TinyTeX/texmf-dist/tex/latex/lm/lmodern.sty
Package: lmodern 2015/05/01 v1.6.1 Latin Modern Fonts
LaTeX Font Info:    Overwriting symbol font `operators' in version `normal'
(Font)                  OT1/cmr/m/n --> OT1/lmr/m/n on input line 22.
LaTeX Font Info:    Overwriting symbol font `letters' in version `normal'
(Font)                  OML/cmm/m/it --> OML/lmm/m/it on input line 23.
LaTeX Font Info:    Overwriting symbol font `symbols' in version `normal'
(Font)                  OMS/cmsy/m/n --> OMS/lmsy/m/n on input line 24.
LaTeX Font Info:    Overwriting symbol font `largesymbols' in version `normal'
(Font)                  OMX/cmex/m/n --> OMX/lmex/m/n on input line 25.
LaTeX Font Info:    Overwriting symbol font `operators' in version `bold'
(Font)                  OT1/cmr/bx/n --> OT1/lmr/bx/n on input line 26.
LaTeX Font Info:    Overwriting symbol font `letters' in version `bold'
(Font)                  OML/cmm/b/it --> OML/lmm/b/it on input line 27.
LaTeX Font Info:    Overwriting symbol font `symbols' in version `bold'
(Font)                  OMS/cmsy/b/n --> OMS/lmsy/b/n on input line 28.
LaTeX Font Info:    Overwriting symbol font `largesymbols' in version `bold'
(Font)                  OMX/cmex/m/n --> OMX/lmex/m/n on input line 29.
LaTeX Font Info:    Overwriting math alphabet `\mathbf' in version `normal'
(Font)                  OT1/cmr/bx/n --> OT1/lmr/bx/n on input line 31.
LaTeX Font Info:    Overwriting math alphabet `\mathsf' in version `normal'
(Font)                  OT1/cmss/m/n --> OT1/lmss/m/n on input line 32.
LaTeX Font Info:    Overwriting math alphabet `\mathit' in version `normal'
(Font)                  OT1/cmr/m/it --> OT1/lmr/m/it on input line 33.
LaTeX Font Info:    Overwriting math alphabet `\mathtt' in version `normal'
(Font)                  OT1/cmtt/m/n --> OT1/lmtt/m/n on input line 34.
LaTeX Font Info:    Overwriting math alphabet `\mathbf' in version `bold'
(Font)                  OT1/cmr/bx/n --> OT1/lmr/bx/n on input line 35.
LaTeX Font Info:    Overwriting math alphabet `\mathsf' in version `bold'
(Font)                  OT1/cmss/bx/n --> OT1/lmss/bx/n on input line 36.
LaTeX Font Info:    Overwriting math alphabet `\mathit' in version `bold'
(Font)                  OT1/cmr/bx/it --> OT1/lmr/bx/it on input line 37.
LaTeX Font Info:    Overwriting math alphabet `\mathtt' in version `bold'
(Font)                  OT1/cmtt/m/n --> OT1/lmtt/m/n on input line 38.
) (/home/macosma1/.TinyTeX/texmf-dist/tex/latex/amsfonts/amssymb.sty
Package: amssymb 2013/01/14 v3.01 AMS font symbols
(/home/macosma1/.TinyTeX/texmf-dist/tex/latex/amsfonts/amsfonts.sty
Package: amsfonts 2013/01/14 v3.01 Basic AMSFonts support
\@emptytoks=\toks16
\symAMSa=\mathgroup4
\symAMSb=\mathgroup5
LaTeX Font Info:    Redeclaring math symbol \hbar on input line 98.
LaTeX Font Info:    Overwriting math alphabet `\mathfrak' in version `bold'
(Font)                  U/euf/m/n --> U/euf/b/n on input line 106.
)) (/home/macosma1/.TinyTeX/texmf-dist/tex/latex/amsmath/amsmath.sty
Package: amsmath 2022/04/08 v2.17n AMS math features
\@mathmargin=\skip49
For additional information on amsmath, use the `?' option.
(/home/macosma1/.TinyTeX/texmf-dist/tex/latex/amsmath/amstext.sty
Package: amstext 2021/08/26 v2.01 AMS text
(/home/macosma1/.TinyTeX/texmf-dist/tex/latex/amsmath/amsgen.sty
File: amsgen.sty 1999/11/30 v2.0 generic functions
\@emptytoks=\toks17
\ex@=\dimen141
)) (/home/macosma1/.TinyTeX/texmf-dist/tex/latex/amsmath/amsbsy.sty
Package: amsbsy 1999/11/29 v1.2d Bold Symbols
\pmbraise@=\dimen142
) (/home/macosma1/.TinyTeX/texmf-dist/tex/latex/amsmath/amsopn.sty
Package: amsopn 2022/04/08 v2.04 operator names
)
\inf@bad=\count194
LaTeX Info: Redefining \frac on input line 234.
\uproot@=\count195
\leftroot@=\count196
LaTeX Info: Redefining \overline on input line 399.
LaTeX Info: Redefining \colon on input line 410.
\classnum@=\count197
\DOTSCASE@=\count198
LaTeX Info: Redefining \ldots on input line 496.
LaTeX Info: Redefining \dots on input line 499.
LaTeX Info: Redefining \cdots on input line 620.
\Mathstrutbox@=\box51
\strutbox@=\box52
LaTeX Info: Redefining \big on input line 722.
LaTeX Info: Redefining \Big on input line 723.
LaTeX Info: Redefining \bigg on input line 724.
LaTeX Info: Redefining \Bigg on input line 725.
\big@size=\dimen143
LaTeX Font Info:    Redeclaring font encoding OML on input line 743.
LaTeX Font Info:    Redeclaring font encoding OMS on input line 744.
\macc@depth=\count199
LaTeX Info: Redefining \bmod on input line 905.
LaTeX Info: Redefining \pmod on input line 910.
LaTeX Info: Redefining \smash on input line 940.
LaTeX Info: Redefining \relbar on input line 970.
LaTeX Info: Redefining \Relbar on input line 971.
\c@MaxMatrixCols=\count266
\dotsspace@=\muskip16
\c@parentequation=\count267
\dspbrk@lvl=\count268
\tag@help=\toks18
\row@=\count269
\column@=\count270
\maxfields@=\count271
\andhelp@=\toks19
\eqnshift@=\dimen144
\alignsep@=\dimen145
\tagshift@=\dimen146
\tagwidth@=\dimen147
\totwidth@=\dimen148
\lineht@=\dimen149
\@envbody=\toks20
\multlinegap=\skip50
\multlinetaggap=\skip51
\mathdisplay@stack=\toks21
LaTeX Info: Redefining \[ on input line 2953.
LaTeX Info: Redefining \] on input line 2954.
) (/home/macosma1/.TinyTeX/texmf-dist/tex/generic/iftex/ifxetex.sty
Package: ifxetex 2019/10/25 v0.7 ifxetex legacy package. Use iftex instead.
(/home/macosma1/.TinyTeX/texmf-dist/tex/generic/iftex/iftex.sty
Package: iftex 2022/02/03 v1.0f TeX engine tests
)) (/home/macosma1/.TinyTeX/texmf-dist/tex/generic/iftex/ifluatex.sty
Package: ifluatex 2019/10/25 v1.5 ifluatex legacy package. Use iftex instead.
) (/home/macosma1/.TinyTeX/texmf-dist/tex/latex/base/fontenc.sty
Package: fontenc 2021/04/29 v2.0v Standard LaTeX package
LaTeX Font Info:    Trying to load font information for T1+lmr on input line 112.
(/home/macosma1/.TinyTeX/texmf-dist/tex/latex/lm/t1lmr.fd
File: t1lmr.fd 2015/05/01 v1.6.1 Font defs for Latin Modern
)) (/home/macosma1/.TinyTeX/texmf-dist/tex/latex/base/inputenc.sty
Package: inputenc 2021/02/14 v1.3d Input encoding file
\inpenc@prehook=\toks22
\inpenc@posthook=\toks23
) (/home/macosma1/.TinyTeX/texmf-dist/tex/latex/geometry/geometry.sty
Package: geometry 2020/01/02 v5.9 Page Geometry
(/home/macosma1/.TinyTeX/texmf-dist/tex/latex/graphics/keyval.sty
Package: keyval 2022/05/29 v1.15 key=value parser (DPC)
\KV@toks@=\toks24
) (/home/macosma1/.TinyTeX/texmf-dist/tex/generic/iftex/ifvtex.sty
Package: ifvtex 2019/10/25 v1.7 ifvtex legacy package. Use iftex instead.
)
\Gm@cnth=\count272
\Gm@cntv=\count273
\c@Gm@tempcnt=\count274
\Gm@bindingoffset=\dimen150
\Gm@wd@mp=\dimen151
\Gm@odd@mp=\dimen152
\Gm@even@mp=\dimen153
\Gm@layoutwidth=\dimen154
\Gm@layoutheight=\dimen155
\Gm@layouthoffset=\dimen156
\Gm@layoutvoffset=\dimen157
\Gm@dimlist=\toks25
) (/home/macosma1/.TinyTeX/texmf-dist/tex/latex/hyperref/hyperref.sty
Package: hyperref 2022-11-13 v7.00u Hypertext links for LaTeX
(/home/macosma1/.TinyTeX/texmf-dist/tex/generic/ltxcmds/ltxcmds.sty
Package: ltxcmds 2020-05-10 v1.25 LaTeX kernel commands for general use (HO)
) (/home/macosma1/.TinyTeX/texmf-dist/tex/generic/pdftexcmds/pdftexcmds.sty
Package: pdftexcmds 2020-06-27 v0.33 Utility functions of pdfTeX for LuaTeX (HO)
(/home/macosma1/.TinyTeX/texmf-dist/tex/generic/infwarerr/infwarerr.sty
Package: infwarerr 2019/12/03 v1.5 Providing info/warning/error messages (HO)
)
Package pdftexcmds Info: \pdf@primitive is available.
Package pdftexcmds Info: \pdf@ifprimitive is available.
Package pdftexcmds Info: \pdfdraftmode found.
) (/home/macosma1/.TinyTeX/texmf-dist/tex/latex/kvsetkeys/kvsetkeys.sty
Package: kvsetkeys 2022-10-05 v1.19 Key value parser (HO)
) (/home/macosma1/.TinyTeX/texmf-dist/tex/generic/kvdefinekeys/kvdefinekeys.sty
Package: kvdefinekeys 2019-12-19 v1.6 Define keys (HO)
) (/home/macosma1/.TinyTeX/texmf-dist/tex/generic/pdfescape/pdfescape.sty
Package: pdfescape 2019/12/09 v1.15 Implements pdfTeX's escape features (HO)
) (/home/macosma1/.TinyTeX/texmf-dist/tex/latex/hycolor/hycolor.sty
Package: hycolor 2020-01-27 v1.10 Color options for hyperref/bookmark (HO)
) (/home/macosma1/.TinyTeX/texmf-dist/tex/latex/letltxmacro/letltxmacro.sty
Package: letltxmacro 2019/12/03 v1.6 Let assignment for LaTeX macros (HO)
) (/home/macosma1/.TinyTeX/texmf-dist/tex/latex/auxhook/auxhook.sty
Package: auxhook 2019-12-17 v1.6 Hooks for auxiliary files (HO)
) (/home/macosma1/.TinyTeX/texmf-dist/tex/latex/hyperref/nameref.sty
Package: nameref 2022-05-17 v2.50 Cross-referencing by name of section
(/home/macosma1/.TinyTeX/texmf-dist/tex/latex/refcount/refcount.sty
Package: refcount 2019/12/15 v3.6 Data extraction from label references (HO)
) (/home/macosma1/.TinyTeX/texmf-dist/tex/generic/gettitlestring/gettitlestring.sty
Package: gettitlestring 2019/12/15 v1.6 Cleanup title references (HO)
(/home/macosma1/.TinyTeX/texmf-dist/tex/latex/kvoptions/kvoptions.sty
Package: kvoptions 2022-06-15 v3.15 Key value format for package options (HO)
))
\c@section@level=\count275
)
\@linkdim=\dimen158
\Hy@linkcounter=\count276
\Hy@pagecounter=\count277
(/home/macosma1/.TinyTeX/texmf-dist/tex/latex/hyperref/pd1enc.def
File: pd1enc.def 2022-11-13 v7.00u Hyperref: PDFDocEncoding definition (HO)
Now handling font encoding PD1 ...
... no UTF-8 mapping file for font encoding PD1
) (/home/macosma1/.TinyTeX/texmf-dist/tex/generic/intcalc/intcalc.sty
Package: intcalc 2019/12/15 v1.3 Expandable calculations with integers (HO)
) (/home/macosma1/.TinyTeX/texmf-dist/tex/generic/etexcmds/etexcmds.sty
Package: etexcmds 2019/12/15 v1.7 Avoid name clashes with e-TeX commands (HO)
)
\Hy@SavedSpaceFactor=\count278
(/home/macosma1/.TinyTeX/texmf-dist/tex/latex/hyperref/puenc.def
File: puenc.def 2022-11-13 v7.00u Hyperref: PDF Unicode definition (HO)
Now handling font encoding PU ...
... no UTF-8 mapping file for font encoding PU
)
Package hyperref Info: Hyper figures OFF on input line 4162.
Package hyperref Info: Link nesting OFF on input line 4167.
Package hyperref Info: Hyper index ON on input line 4170.
Package hyperref Info: Plain pages OFF on input line 4177.
Package hyperref Info: Backreferencing OFF on input line 4182.
Package hyperref Info: Implicit mode ON; LaTeX internals redefined.
Package hyperref Info: Bookmarks ON on input line 4410.
\c@Hy@tempcnt=\count279
(/home/macosma1/.TinyTeX/texmf-dist/tex/latex/url/url.sty
\Urlmuskip=\muskip17
Package: url 2013/09/16  ver 3.4  Verb mode for urls, etc.
)
LaTeX Info: Redefining \url on input line 4748.
\XeTeXLinkMargin=\dimen159
(/home/macosma1/.TinyTeX/texmf-dist/tex/generic/bitset/bitset.sty
Package: bitset 2019/12/09 v1.3 Handle bit-vector datatype (HO)
(/home/macosma1/.TinyTeX/texmf-dist/tex/generic/bigintcalc/bigintcalc.sty
Package: bigintcalc 2019/12/15 v1.5 Expandable calculations on big integers (HO)
))
\Fld@menulength=\count280
\Field@Width=\dimen160
\Fld@charsize=\dimen161
Package hyperref Info: Hyper figures OFF on input line 6027.
Package hyperref Info: Link nesting OFF on input line 6032.
Package hyperref Info: Hyper index ON on input line 6035.
Package hyperref Info: backreferencing OFF on input line 6042.
Package hyperref Info: Link coloring OFF on input line 6047.
Package hyperref Info: Link coloring with OCG OFF on input line 6052.
Package hyperref Info: PDF/A mode OFF on input line 6057.
(/home/macosma1/.TinyTeX/texmf-dist/tex/latex/base/atbegshi-ltx.sty
Package: atbegshi-ltx 2021/01/10 v1.0c Emulation of the original atbegshi
package with kernel methods
)
\Hy@abspage=\count281
\c@Item=\count282
\c@Hfootnote=\count283
)
Package hyperref Info: Driver (autodetected): hpdftex.
(/home/macosma1/.TinyTeX/texmf-dist/tex/latex/hyperref/hpdftex.def
File: hpdftex.def 2022-11-13 v7.00u Hyperref driver for pdfTeX
(/home/macosma1/.TinyTeX/texmf-dist/tex/latex/base/atveryend-ltx.sty
Package: atveryend-ltx 2020/08/19 v1.0a Emulation of the original atveryend package
with kernel methods
)
\Fld@listcount=\count284
\c@bookmark@seq@number=\count285
(/home/macosma1/.TinyTeX/texmf-dist/tex/latex/rerunfilecheck/rerunfilecheck.sty
Package: rerunfilecheck 2022-07-10 v1.10 Rerun checks for auxiliary files (HO)
(/home/macosma1/.TinyTeX/texmf-dist/tex/generic/uniquecounter/uniquecounter.sty
Package: uniquecounter 2019/12/15 v1.4 Provide unlimited unique counter (HO)
)
Package uniquecounter Info: New unique counter `rerunfilecheck' on input line 285.
)
\Hy@SectionHShift=\skip52
)
Package hyperref Info: Option `unicode' set `true' on input line 36.
Package hyperref Info: Option `colorlinks' set `true' on input line 36.
Package hyperref Info: Option `breaklinks' set `true' on input line 36.
(/home/macosma1/.TinyTeX/texmf-dist/tex/latex/natbib/natbib.sty
Package: natbib 2010/09/13 8.31b (PWD, AO)
\bibhang=\skip53
\bibsep=\skip54
LaTeX Info: Redefining \cite on input line 694.
\c@NAT@ctr=\count286
) (/home/macosma1/.TinyTeX/texmf-dist/tex/latex/xcolor/xcolor.sty
Package: xcolor 2022/06/12 v2.14 LaTeX color extensions (UK)
(/home/macosma1/.TinyTeX/texmf-dist/tex/latex/graphics-cfg/color.cfg
File: color.cfg 2016/01/02 v1.6 sample color configuration
)
Package xcolor Info: Package option `usenames' ignored on input line 218.
Package xcolor Info: Driver file: pdftex.def on input line 227.
(/home/macosma1/.TinyTeX/texmf-dist/tex/latex/graphics-def/pdftex.def
File: pdftex.def 2022/09/22 v1.2b Graphics/color driver for pdftex
) (/home/macosma1/.TinyTeX/texmf-dist/tex/latex/graphics/mathcolor.ltx)
Package xcolor Info: Model `cmy' substituted by `cmy0' on input line 1353.
Package xcolor Info: Model `hsb' substituted by `rgb' on input line 1357.
Package xcolor Info: Model `RGB' extended on input line 1369.
Package xcolor Info: Model `HTML' substituted by `rgb' on input line 1371.
Package xcolor Info: Model `Hsb' substituted by `hsb' on input line 1372.
Package xcolor Info: Model `tHsb' substituted by `hsb' on input line 1373.
Package xcolor Info: Model `HSB' substituted by `hsb' on input line 1374.
Package xcolor Info: Model `Gray' substituted by `gray' on input line 1375.
Package xcolor Info: Model `wave' substituted by `hsb' on input line 1376.
(/home/macosma1/.TinyTeX/texmf-dist/tex/latex/graphics/dvipsnam.def
File: dvipsnam.def 2016/06/17 v3.0m Driver-dependent file (DPC,SPQR)
)) (/home/macosma1/.TinyTeX/texmf-dist/tex/latex/fancyvrb/fancyvrb.sty
Package: fancyvrb 2022/06/06 4.5 verbatim text (tvz,hv)
\FV@CodeLineNo=\count287
\FV@InFile=\read2
\FV@TabBox=\box53
\c@FancyVerbLine=\count288
\FV@StepNumber=\count289
\FV@OutFile=\write3
) (/home/macosma1/.TinyTeX/texmf-dist/tex/latex/framed/framed.sty
Package: framed 2011/10/22 v 0.96: framed or shaded text with page breaks
\OuterFrameSep=\skip55
\fb@frw=\dimen162
\fb@frh=\dimen163
\FrameRule=\dimen164
\FrameSep=\dimen165
) (/home/macosma1/.TinyTeX/texmf-dist/tex/latex/tools/longtable.sty
Package: longtable 2021-09-01 v4.17 Multi-page Table package (DPC)
\LTleft=\skip56
\LTright=\skip57
\LTpre=\skip58
\LTpost=\skip59
\LTchunksize=\count290
\LTcapwidth=\dimen166
\LT@head=\box54
\LT@firsthead=\box55
\LT@foot=\box56
\LT@lastfoot=\box57
\LT@gbox=\box58
\LT@cols=\count291
\LT@rows=\count292
\c@LT@tables=\count293
\c@LT@chunks=\count294
\LT@p@ftn=\toks26
) (/home/macosma1/.TinyTeX/texmf-dist/tex/latex/booktabs/booktabs.sty
Package: booktabs 2020/01/12 v1.61803398 Publication quality tables
\heavyrulewidth=\dimen167
\lightrulewidth=\dimen168
\cmidrulewidth=\dimen169
\belowrulesep=\dimen170
\belowbottomsep=\dimen171
\aboverulesep=\dimen172
\abovetopsep=\dimen173
\cmidrulesep=\dimen174
\cmidrulekern=\dimen175
\defaultaddspace=\dimen176
\@cmidla=\count295
\@cmidlb=\count296
\@aboverulesep=\dimen177
\@belowrulesep=\dimen178
\@thisruleclass=\count297
\@lastruleclass=\count298
\@thisrulewidth=\dimen179
) (/home/macosma1/.TinyTeX/texmf-dist/tex/generic/babel/babel.sty
Package: babel 2022/10/23 3.82 The Babel package
\babel@savecnt=\count299
\U@D=\dimen180
\l@unhyphenated=\language4
(/home/macosma1/.TinyTeX/texmf-dist/tex/generic/babel/txtbabel.def)
\bbl@readstream=\read3
\bbl@dirlevel=\count300
(/home/macosma1/.TinyTeX/texmf-dist/tex/generic/babel-spanish/spanish.ldf
Language: spanish.ldf 2021/05/27 v5.0q Spanish support from the babel system
\es@quottoks=\toks27
\es@quotdepth=\count301
)) (/home/macosma1/.TinyTeX/texmf-dist/tex/generic/babel/locale/es/babel-spanish.tex
Package babel Info: Importing font and identification data for spanish
(babel)             from babel-es.ini. Reported on input line 11.
) (/home/macosma1/.TinyTeX/texmf-dist/tex/latex/float/float.sty
Package: float 2001/11/08 v1.3d Float enhancements (AL)
\c@float@type=\count302
\float@exts=\toks28
\float@box=\box59
\@float@everytoks=\toks29
\@floatcapt=\box60
) (/home/macosma1/.TinyTeX/texmf-dist/tex/latex/placeins/placeins.sty
Package: placeins 2005/04/18  v 2.2
) (/home/macosma1/.TinyTeX/texmf-dist/tex/latex/fancyhdr/fancyhdr.sty
Package: fancyhdr 2022/11/09 v4.1 Extensive control of page headers and footers
\f@nch@headwidth=\skip60
\f@nch@O@elh=\skip61
\f@nch@O@erh=\skip62
\f@nch@O@olh=\skip63
\f@nch@O@orh=\skip64
\f@nch@O@elf=\skip65
\f@nch@O@erf=\skip66
\f@nch@O@olf=\skip67
\f@nch@O@orf=\skip68
) (/home/macosma1/.TinyTeX/texmf-dist/tex/latex/chngcntr/chngcntr.sty
Package: chngcntr 2018/04/09 v1.1a change counter resetting
) (/home/macosma1/.TinyTeX/texmf-dist/tex/latex/base/fontenc.sty
Package: fontenc 2021/04/29 v2.0v Standard LaTeX package
) (/home/macosma1/.TinyTeX/texmf-dist/tex/latex/pdfpages/pdfpages.sty
Package: pdfpages 2022/10/09 v0.5w Insert pages of external PDF documents (AM)
(/home/macosma1/.TinyTeX/texmf-dist/tex/latex/base/ifthen.sty
Package: ifthen 2022/04/13 v1.1d Standard LaTeX ifthen package (DPC)
) (/home/macosma1/.TinyTeX/texmf-dist/tex/latex/tools/calc.sty
Package: calc 2017/05/25 v4.3 Infix arithmetic (KKT,FJ)
\calc@Acount=\count303
\calc@Bcount=\count304
\calc@Adimen=\dimen181
\calc@Bdimen=\dimen182
\calc@Askip=\skip69
\calc@Bskip=\skip70
LaTeX Info: Redefining \setlength on input line 80.
LaTeX Info: Redefining \addtolength on input line 81.
\calc@Ccount=\count305
\calc@Cskip=\skip71
) (/home/macosma1/.TinyTeX/texmf-dist/tex/latex/eso-pic/eso-pic.sty
Package: eso-pic 2020/10/14 v3.0a eso-pic (RN)
\ESO@tempdima=\dimen183
\ESO@tempdimb=\dimen184
) (/home/macosma1/.TinyTeX/texmf-dist/tex/latex/graphics/graphicx.sty
Package: graphicx 2021/09/16 v1.2d Enhanced LaTeX Graphics (DPC,SPQR)
(/home/macosma1/.TinyTeX/texmf-dist/tex/latex/graphics/graphics.sty
Package: graphics 2022/03/10 v1.4e Standard LaTeX Graphics (DPC,SPQR)
(/home/macosma1/.TinyTeX/texmf-dist/tex/latex/graphics/trig.sty
Package: trig 2021/08/11 v1.11 sin cos tan (DPC)
) (/home/macosma1/.TinyTeX/texmf-dist/tex/latex/graphics-cfg/graphics.cfg
File: graphics.cfg 2016/06/04 v1.11 sample graphics configuration
)
Package graphics Info: Driver file: pdftex.def on input line 107.
)
\Gin@req@height=\dimen185
\Gin@req@width=\dimen186
)
\AM@pagewidth=\dimen187
\AM@pageheight=\dimen188
\AM@fboxrule=\dimen189
(/home/macosma1/.TinyTeX/texmf-dist/tex/latex/pdfpages/pppdftex.def
File: pppdftex.def 2022/10/09 v0.5w Pdfpages driver for pdfTeX (AM)
)
\pdfpages@includegraphics@status=\count306
\AM@pagebox=\box61
\AM@global@opts=\toks30
\AM@pagecnt=\count307
\AM@toc@title=\toks31
\c@AM@survey=\count308
\AM@templatesizebox=\box62
) (/home/macosma1/.TinyTeX/texmf-dist/tex/latex/pgf/frontendlayer/tikz.sty (/home/macosma1/.TinyTeX/texmf-dist/tex/latex/pgf/basiclayer/pgf.sty (/home/macosma1/.TinyTeX/texmf-dist/tex/latex/pgf/utilities/pgfrcs.sty (/home/macosma1/.TinyTeX/texmf-dist/tex/generic/pgf/utilities/pgfutil-common.tex
\pgfutil@everybye=\toks32
\pgfutil@tempdima=\dimen190
\pgfutil@tempdimb=\dimen191
(/home/macosma1/.TinyTeX/texmf-dist/tex/generic/pgf/utilities/pgfutil-common-lists.tex)) (/home/macosma1/.TinyTeX/texmf-dist/tex/generic/pgf/utilities/pgfutil-latex.def
\pgfutil@abb=\box63
) (/home/macosma1/.TinyTeX/texmf-dist/tex/generic/pgf/utilities/pgfrcs.code.tex (/home/macosma1/.TinyTeX/texmf-dist/tex/generic/pgf/pgf.revision.tex)
Package: pgfrcs 2021/05/15 v3.1.9a (3.1.9a)
))
Package: pgf 2021/05/15 v3.1.9a (3.1.9a)
(/home/macosma1/.TinyTeX/texmf-dist/tex/latex/pgf/basiclayer/pgfcore.sty (/home/macosma1/.TinyTeX/texmf-dist/tex/latex/pgf/systemlayer/pgfsys.sty (/home/macosma1/.TinyTeX/texmf-dist/tex/generic/pgf/systemlayer/pgfsys.code.tex
Package: pgfsys 2021/05/15 v3.1.9a (3.1.9a)
(/home/macosma1/.TinyTeX/texmf-dist/tex/generic/pgf/utilities/pgfkeys.code.tex
\pgfkeys@pathtoks=\toks33
\pgfkeys@temptoks=\toks34
(/home/macosma1/.TinyTeX/texmf-dist/tex/generic/pgf/utilities/pgfkeysfiltered.code.tex
\pgfkeys@tmptoks=\toks35
))
\pgf@x=\dimen192
\pgf@y=\dimen193
\pgf@xa=\dimen194
\pgf@ya=\dimen195
\pgf@xb=\dimen196
\pgf@yb=\dimen197
\pgf@xc=\dimen198
\pgf@yc=\dimen199
\pgf@xd=\dimen256
\pgf@yd=\dimen257
\w@pgf@writea=\write4
\r@pgf@reada=\read4
\c@pgf@counta=\count309
\c@pgf@countb=\count310
\c@pgf@countc=\count311
\c@pgf@countd=\count312
\t@pgf@toka=\toks36
\t@pgf@tokb=\toks37
\t@pgf@tokc=\toks38
\pgf@sys@id@count=\count313
(/home/macosma1/.TinyTeX/texmf-dist/tex/generic/pgf/systemlayer/pgf.cfg
File: pgf.cfg 2021/05/15 v3.1.9a (3.1.9a)
)
Driver file for pgf: pgfsys-pdftex.def
(/home/macosma1/.TinyTeX/texmf-dist/tex/generic/pgf/systemlayer/pgfsys-pdftex.def
File: pgfsys-pdftex.def 2021/05/15 v3.1.9a (3.1.9a)
(/home/macosma1/.TinyTeX/texmf-dist/tex/generic/pgf/systemlayer/pgfsys-common-pdf.def
File: pgfsys-common-pdf.def 2021/05/15 v3.1.9a (3.1.9a)
))) (/home/macosma1/.TinyTeX/texmf-dist/tex/generic/pgf/systemlayer/pgfsyssoftpath.code.tex
File: pgfsyssoftpath.code.tex 2021/05/15 v3.1.9a (3.1.9a)
\pgfsyssoftpath@smallbuffer@items=\count314
\pgfsyssoftpath@bigbuffer@items=\count315
) (/home/macosma1/.TinyTeX/texmf-dist/tex/generic/pgf/systemlayer/pgfsysprotocol.code.tex
File: pgfsysprotocol.code.tex 2021/05/15 v3.1.9a (3.1.9a)
)) (/home/macosma1/.TinyTeX/texmf-dist/tex/generic/pgf/basiclayer/pgfcore.code.tex
Package: pgfcore 2021/05/15 v3.1.9a (3.1.9a)
(/home/macosma1/.TinyTeX/texmf-dist/tex/generic/pgf/math/pgfmath.code.tex (/home/macosma1/.TinyTeX/texmf-dist/tex/generic/pgf/math/pgfmathcalc.code.tex (/home/macosma1/.TinyTeX/texmf-dist/tex/generic/pgf/math/pgfmathutil.code.tex) (/home/macosma1/.TinyTeX/texmf-dist/tex/generic/pgf/math/pgfmathparser.code.tex
\pgfmath@dimen=\dimen258
\pgfmath@count=\count316
\pgfmath@box=\box64
\pgfmath@toks=\toks39
\pgfmath@stack@operand=\toks40
\pgfmath@stack@operation=\toks41
) (/home/macosma1/.TinyTeX/texmf-dist/tex/generic/pgf/math/pgfmathfunctions.code.tex (/home/macosma1/.TinyTeX/texmf-dist/tex/generic/pgf/math/pgfmathfunctions.basic.code.tex) (/home/macosma1/.TinyTeX/texmf-dist/tex/generic/pgf/math/pgfmathfunctions.trigonometric.code.tex) (/home/macosma1/.TinyTeX/texmf-dist/tex/generic/pgf/math/pgfmathfunctions.random.code.tex) (/home/macosma1/.TinyTeX/texmf-dist/tex/generic/pgf/math/pgfmathfunctions.comparison.code.tex) (/home/macosma1/.TinyTeX/texmf-dist/tex/generic/pgf/math/pgfmathfunctions.base.code.tex) (/home/macosma1/.TinyTeX/texmf-dist/tex/generic/pgf/math/pgfmathfunctions.round.code.tex) (/home/macosma1/.TinyTeX/texmf-dist/tex/generic/pgf/math/pgfmathfunctions.misc.code.tex) (/home/macosma1/.TinyTeX/texmf-dist/tex/generic/pgf/math/pgfmathfunctions.integerarithmetics.code.tex))) (/home/macosma1/.TinyTeX/texmf-dist/tex/generic/pgf/math/pgfmathfloat.code.tex
\c@pgfmathroundto@lastzeros=\count317
)) (/home/macosma1/.TinyTeX/texmf-dist/tex/generic/pgf/math/pgfint.code.tex) (/home/macosma1/.TinyTeX/texmf-dist/tex/generic/pgf/basiclayer/pgfcorepoints.code.tex
File: pgfcorepoints.code.tex 2021/05/15 v3.1.9a (3.1.9a)
\pgf@picminx=\dimen259
\pgf@picmaxx=\dimen260
\pgf@picminy=\dimen261
\pgf@picmaxy=\dimen262
\pgf@pathminx=\dimen263
\pgf@pathmaxx=\dimen264
\pgf@pathminy=\dimen265
\pgf@pathmaxy=\dimen266
\pgf@xx=\dimen267
\pgf@xy=\dimen268
\pgf@yx=\dimen269
\pgf@yy=\dimen270
\pgf@zx=\dimen271
\pgf@zy=\dimen272
) (/home/macosma1/.TinyTeX/texmf-dist/tex/generic/pgf/basiclayer/pgfcorepathconstruct.code.tex
File: pgfcorepathconstruct.code.tex 2021/05/15 v3.1.9a (3.1.9a)
\pgf@path@lastx=\dimen273
\pgf@path@lasty=\dimen274
) (/home/macosma1/.TinyTeX/texmf-dist/tex/generic/pgf/basiclayer/pgfcorepathusage.code.tex
File: pgfcorepathusage.code.tex 2021/05/15 v3.1.9a (3.1.9a)
\pgf@shorten@end@additional=\dimen275
\pgf@shorten@start@additional=\dimen276
) (/home/macosma1/.TinyTeX/texmf-dist/tex/generic/pgf/basiclayer/pgfcorescopes.code.tex
File: pgfcorescopes.code.tex 2021/05/15 v3.1.9a (3.1.9a)
\pgfpic=\box65
\pgf@hbox=\box66
\pgf@layerbox@main=\box67
\pgf@picture@serial@count=\count318
) (/home/macosma1/.TinyTeX/texmf-dist/tex/generic/pgf/basiclayer/pgfcoregraphicstate.code.tex
File: pgfcoregraphicstate.code.tex 2021/05/15 v3.1.9a (3.1.9a)
\pgflinewidth=\dimen277
) (/home/macosma1/.TinyTeX/texmf-dist/tex/generic/pgf/basiclayer/pgfcoretransformations.code.tex
File: pgfcoretransformations.code.tex 2021/05/15 v3.1.9a (3.1.9a)
\pgf@pt@x=\dimen278
\pgf@pt@y=\dimen279
\pgf@pt@temp=\dimen280
) (/home/macosma1/.TinyTeX/texmf-dist/tex/generic/pgf/basiclayer/pgfcorequick.code.tex
File: pgfcorequick.code.tex 2021/05/15 v3.1.9a (3.1.9a)
) (/home/macosma1/.TinyTeX/texmf-dist/tex/generic/pgf/basiclayer/pgfcoreobjects.code.tex
File: pgfcoreobjects.code.tex 2021/05/15 v3.1.9a (3.1.9a)
) (/home/macosma1/.TinyTeX/texmf-dist/tex/generic/pgf/basiclayer/pgfcorepathprocessing.code.tex
File: pgfcorepathprocessing.code.tex 2021/05/15 v3.1.9a (3.1.9a)
) (/home/macosma1/.TinyTeX/texmf-dist/tex/generic/pgf/basiclayer/pgfcorearrows.code.tex
File: pgfcorearrows.code.tex 2021/05/15 v3.1.9a (3.1.9a)
\pgfarrowsep=\dimen281
) (/home/macosma1/.TinyTeX/texmf-dist/tex/generic/pgf/basiclayer/pgfcoreshade.code.tex
File: pgfcoreshade.code.tex 2021/05/15 v3.1.9a (3.1.9a)
\pgf@max=\dimen282
\pgf@sys@shading@range@num=\count319
\pgf@shadingcount=\count320
) (/home/macosma1/.TinyTeX/texmf-dist/tex/generic/pgf/basiclayer/pgfcoreimage.code.tex
File: pgfcoreimage.code.tex 2021/05/15 v3.1.9a (3.1.9a)
(/home/macosma1/.TinyTeX/texmf-dist/tex/generic/pgf/basiclayer/pgfcoreexternal.code.tex
File: pgfcoreexternal.code.tex 2021/05/15 v3.1.9a (3.1.9a)
\pgfexternal@startupbox=\box68
)) (/home/macosma1/.TinyTeX/texmf-dist/tex/generic/pgf/basiclayer/pgfcorelayers.code.tex
File: pgfcorelayers.code.tex 2021/05/15 v3.1.9a (3.1.9a)
) (/home/macosma1/.TinyTeX/texmf-dist/tex/generic/pgf/basiclayer/pgfcoretransparency.code.tex
File: pgfcoretransparency.code.tex 2021/05/15 v3.1.9a (3.1.9a)
) (/home/macosma1/.TinyTeX/texmf-dist/tex/generic/pgf/basiclayer/pgfcorepatterns.code.tex
File: pgfcorepatterns.code.tex 2021/05/15 v3.1.9a (3.1.9a)
) (/home/macosma1/.TinyTeX/texmf-dist/tex/generic/pgf/basiclayer/pgfcorerdf.code.tex
File: pgfcorerdf.code.tex 2021/05/15 v3.1.9a (3.1.9a)
))) (/home/macosma1/.TinyTeX/texmf-dist/tex/generic/pgf/modules/pgfmoduleshapes.code.tex
File: pgfmoduleshapes.code.tex 2021/05/15 v3.1.9a (3.1.9a)
\pgfnodeparttextbox=\box69
) (/home/macosma1/.TinyTeX/texmf-dist/tex/generic/pgf/modules/pgfmoduleplot.code.tex
File: pgfmoduleplot.code.tex 2021/05/15 v3.1.9a (3.1.9a)
) (/home/macosma1/.TinyTeX/texmf-dist/tex/latex/pgf/compatibility/pgfcomp-version-0-65.sty
Package: pgfcomp-version-0-65 2021/05/15 v3.1.9a (3.1.9a)
\pgf@nodesepstart=\dimen283
\pgf@nodesepend=\dimen284
) (/home/macosma1/.TinyTeX/texmf-dist/tex/latex/pgf/compatibility/pgfcomp-version-1-18.sty
Package: pgfcomp-version-1-18 2021/05/15 v3.1.9a (3.1.9a)
)) (/home/macosma1/.TinyTeX/texmf-dist/tex/latex/pgf/utilities/pgffor.sty (/home/macosma1/.TinyTeX/texmf-dist/tex/latex/pgf/utilities/pgfkeys.sty (/home/macosma1/.TinyTeX/texmf-dist/tex/generic/pgf/utilities/pgfkeys.code.tex)) (/home/macosma1/.TinyTeX/texmf-dist/tex/latex/pgf/math/pgfmath.sty (/home/macosma1/.TinyTeX/texmf-dist/tex/generic/pgf/math/pgfmath.code.tex)) (/home/macosma1/.TinyTeX/texmf-dist/tex/generic/pgf/utilities/pgffor.code.tex
Package: pgffor 2021/05/15 v3.1.9a (3.1.9a)
(/home/macosma1/.TinyTeX/texmf-dist/tex/generic/pgf/math/pgfmath.code.tex)
\pgffor@iter=\dimen285
\pgffor@skip=\dimen286
\pgffor@stack=\toks42
\pgffor@toks=\toks43
)) (/home/macosma1/.TinyTeX/texmf-dist/tex/generic/pgf/frontendlayer/tikz/tikz.code.tex
Package: tikz 2021/05/15 v3.1.9a (3.1.9a)
(/home/macosma1/.TinyTeX/texmf-dist/tex/generic/pgf/libraries/pgflibraryplothandlers.code.tex
File: pgflibraryplothandlers.code.tex 2021/05/15 v3.1.9a (3.1.9a)
\pgf@plot@mark@count=\count321
\pgfplotmarksize=\dimen287
)
\tikz@lastx=\dimen288
\tikz@lasty=\dimen289
\tikz@lastxsaved=\dimen290
\tikz@lastysaved=\dimen291
\tikz@lastmovetox=\dimen292
\tikz@lastmovetoy=\dimen293
\tikzleveldistance=\dimen294
\tikzsiblingdistance=\dimen295
\tikz@figbox=\box70
\tikz@figbox@bg=\box71
\tikz@tempbox=\box72
\tikz@tempbox@bg=\box73
\tikztreelevel=\count322
\tikznumberofchildren=\count323
\tikznumberofcurrentchild=\count324
\tikz@fig@count=\count325
(/home/macosma1/.TinyTeX/texmf-dist/tex/generic/pgf/modules/pgfmodulematrix.code.tex
File: pgfmodulematrix.code.tex 2021/05/15 v3.1.9a (3.1.9a)
\pgfmatrixcurrentrow=\count326
\pgfmatrixcurrentcolumn=\count327
\pgf@matrix@numberofcolumns=\count328
)
\tikz@expandcount=\count329
(/home/macosma1/.TinyTeX/texmf-dist/tex/generic/pgf/frontendlayer/tikz/libraries/tikzlibrarytopaths.code.tex
File: tikzlibrarytopaths.code.tex 2021/05/15 v3.1.9a (3.1.9a)
))) (/home/macosma1/.TinyTeX/texmf-dist/tex/latex/epigraph/epigraph.sty
Package: epigraph 2020/01/02 v1.5e typesetting epigraphs
(/home/macosma1/.TinyTeX/texmf-dist/tex/latex/nextpage/nextpage.sty
Package: nextpage 2009/09/03 v1.1a additional page commands
)
\beforeepigraphskip=\skip72
\afterepigraphskip=\skip73
\epigraphwidth=\skip74
\epigraphrule=\skip75
) (./portadas/latex_paginatitulo_mod_ST02_add.sty) (./cpimod.sty
*geometry* verbose mode - [ newgeometry ] result:
* driver: 
* paper: a4paper
* layout: <same size as paper>
* layoutoffset:(h,v)=(0.0pt,0.0pt)
* modes: 
* h-part:(L,W,R)=(72.26999pt, 452.9679pt, 72.26999pt)
* v-part:(T,H,B)=(72.26999pt, 700.50687pt, 72.26999pt)
* \paperwidth=597.50787pt
* \paperheight=845.04684pt
* \textwidth=452.9679pt
* \textheight=700.50687pt
* \oddsidemargin=0.0pt
* \evensidemargin=0.0pt
* \topmargin=-31.8738pt
* \headheight=12.0pt
* \headsep=19.8738pt
* \topskip=12.0pt
* \footskip=30.0pt
* \marginparwidth=38.0pt
* \marginparsep=7.0pt
* \columnsep=10.0pt
* \skip\footins=10.8pt plus 4.0pt minus 2.0pt
* \hoffset=0.0pt
* \voffset=0.0pt
* \mag=1000
* \@twocolumnfalse
* \@twosidefalse
* \@mparswitchfalse
* \@reversemarginfalse
* (1in=72.27pt=25.4mm, 1cm=28.453pt)

) (./KTHEEtitlepage.sty
Package: KTHEEtitlepage 2004/09/21 KTH EE titlepage package
File: here_the_logos 2004/09/21 KTH logo English, BW
File: here_the_logos 2004/09/21 KTH logo Swedish, BW
File: here_the_logos 2004/09/21 KTH logo Swedish, colour
File: here_the_logos 2004/09/21 KTH logo Swedish, colour
\titlep@getextwidth=\skip76
\titlep@gewhitemargin=\skip77
\titlep@geleftmargin=\skip78
\titlep@gemarginsep=\skip79
\titlep@getextheight=\skip80
\titlep@getopmargin=\skip81
\tmpl@ngth=\skip82
) (/home/macosma1/.TinyTeX/texmf-dist/tex/latex/emptypage/emptypage.sty
Package: emptypage 2010/05/30 v1.2 Suppress page numbers and headings on empty pages
) (/home/macosma1/.TinyTeX/texmf-dist/tex/latex/lipsum/lipsum.sty (/home/macosma1/.TinyTeX/texmf-dist/tex/latex/l3packages/l3keys2e/l3keys2e.sty (/home/macosma1/.TinyTeX/texmf-dist/tex/latex/l3kernel/expl3.sty
Package: expl3 2022-11-02 L3 programming layer (loader) 
(/home/macosma1/.TinyTeX/texmf-dist/tex/latex/l3backend/l3backend-pdftex.def
File: l3backend-pdftex.def 2022-10-26 L3 backend support: PDF output (pdfTeX)
\l__color_backend_stack_int=\count330
\l__pdf_internal_box=\box74
))
Package: l3keys2e 2022-06-22 LaTeX2e option processing using LaTeX3 keys
)
Package: lipsum 2021-09-20 v2.7 150 paragraphs of Lorem Ipsum dummy text
\g__lipsum_par_int=\count331
\l__lipsum_a_int=\count332
\l__lipsum_b_int=\count333
(/home/macosma1/.TinyTeX/texmf-dist/tex/latex/lipsum/lipsum.ltd.tex)) (/home/macosma1/.TinyTeX/texmf-dist/tex/latex/amscls/amsthm.sty
Package: amsthm 2020/05/29 v2.20.6
\thm@style=\toks44
\thm@bodyfont=\toks45
\thm@headfont=\toks46
\thm@notefont=\toks47
\thm@headpunct=\toks48
\thm@preskip=\skip83
\thm@postskip=\skip84
\thm@headsep=\skip85
\dth@everypar=\toks49
)
\c@dummy=\count334
\c@problem=\count335
\c@exerciseT=\count336
\c@exampleT=\count337
\c@vocabulary=\count338
\c@definitionT=\count339
(/home/macosma1/.TinyTeX/texmf-dist/tex/latex/mdframed/mdframed.sty
Package: mdframed 2013/07/01 1.9b: mdframed
(/home/macosma1/.TinyTeX/texmf-dist/tex/latex/l3packages/xparse/xparse.sty
Package: xparse 2022-06-22 L3 Experimental document command parser
) (/home/macosma1/.TinyTeX/texmf-dist/tex/latex/etoolbox/etoolbox.sty
Package: etoolbox 2020/10/05 v2.5k e-TeX tools for LaTeX (JAW)
\etb@tempcnta=\count340
) (/home/macosma1/.TinyTeX/texmf-dist/tex/latex/zref/zref-abspage.sty
Package: zref-abspage 2022-04-07 v2.34 Module abspage for zref (HO)
(/home/macosma1/.TinyTeX/texmf-dist/tex/latex/zref/zref-base.sty
Package: zref-base 2022-04-07 v2.34 Module base for zref (HO)
Package zref Info: New property list: main on input line 767.
Package zref Info: New property: default on input line 768.
Package zref Info: New property: page on input line 769.
)
\c@abspage=\count341
Package zref Info: New property: abspage on input line 65.
) (/home/macosma1/.TinyTeX/texmf-dist/tex/latex/needspace/needspace.sty
Package: needspace 2010/09/12 v1.3d reserve vertical space
)
\mdf@templength=\skip86
\c@mdf@globalstyle@cnt=\count342
\mdf@skipabove@length=\skip87
\mdf@skipbelow@length=\skip88
\mdf@leftmargin@length=\skip89
\mdf@rightmargin@length=\skip90
\mdf@innerleftmargin@length=\skip91
\mdf@innerrightmargin@length=\skip92
\mdf@innertopmargin@length=\skip93
\mdf@innerbottommargin@length=\skip94
\mdf@splittopskip@length=\skip95
\mdf@splitbottomskip@length=\skip96
\mdf@outermargin@length=\skip97
\mdf@innermargin@length=\skip98
\mdf@linewidth@length=\skip99
\mdf@innerlinewidth@length=\skip100
\mdf@middlelinewidth@length=\skip101
\mdf@outerlinewidth@length=\skip102
\mdf@roundcorner@length=\skip103
\mdf@footenotedistance@length=\skip104
\mdf@userdefinedwidth@length=\skip105
\mdf@needspace@length=\skip106
\mdf@frametitleaboveskip@length=\skip107
\mdf@frametitlebelowskip@length=\skip108
\mdf@frametitlerulewidth@length=\skip109
\mdf@frametitleleftmargin@length=\skip110
\mdf@frametitlerightmargin@length=\skip111
\mdf@shadowsize@length=\skip112
\mdf@extratopheight@length=\skip113
\mdf@subtitleabovelinewidth@length=\skip114
\mdf@subtitlebelowlinewidth@length=\skip115
\mdf@subtitleaboveskip@length=\skip116
\mdf@subtitlebelowskip@length=\skip117
\mdf@subtitleinneraboveskip@length=\skip118
\mdf@subtitleinnerbelowskip@length=\skip119
\mdf@subsubtitleabovelinewidth@length=\skip120
\mdf@subsubtitlebelowlinewidth@length=\skip121
\mdf@subsubtitleaboveskip@length=\skip122
\mdf@subsubtitlebelowskip@length=\skip123
\mdf@subsubtitleinneraboveskip@length=\skip124
\mdf@subsubtitleinnerbelowskip@length=\skip125
(/home/macosma1/.TinyTeX/texmf-dist/tex/latex/mdframed/md-frame-0.mdf
File: md-frame-0.mdf 2013/07/01\ 1.9b: md-frame-0
)
\mdf@frametitlebox=\box75
\mdf@footnotebox=\box76
\mdf@splitbox@one=\box77
\mdf@splitbox@two=\box78
\mdf@splitbox@save=\box79
\mdfsplitboxwidth=\skip126
\mdfsplitboxtotalwidth=\skip127
\mdfsplitboxheight=\skip128
\mdfsplitboxdepth=\skip129
\mdfsplitboxtotalheight=\skip130
\mdfframetitleboxwidth=\skip131
\mdfframetitleboxtotalwidth=\skip132
\mdfframetitleboxheight=\skip133
\mdfframetitleboxdepth=\skip134
\mdfframetitleboxtotalheight=\skip135
\mdffootnoteboxwidth=\skip136
\mdffootnoteboxtotalwidth=\skip137
\mdffootnoteboxheight=\skip138
\mdffootnoteboxdepth=\skip139
\mdffootnoteboxtotalheight=\skip140
\mdftotallinewidth=\skip141
\mdfboundingboxwidth=\skip142
\mdfboundingboxtotalwidth=\skip143
\mdfboundingboxheight=\skip144
\mdfboundingboxdepth=\skip145
\mdfboundingboxtotalheight=\skip146
\mdf@freevspace@length=\skip147
\mdf@horizontalwidthofbox@length=\skip148
\mdf@verticalmarginwhole@length=\skip149
\mdf@horizontalspaceofbox=\skip150
\mdfsubtitleheight=\skip151
\mdfsubsubtitleheight=\skip152
\c@mdfcountframes=\count343

****** mdframed patching \endmdf@trivlist

****** -- success******

\mdf@envdepth=\count344
\c@mdf@env@i=\count345
\c@mdf@env@ii=\count346
\c@mdf@zref@counter=\count347
Package zref Info: New property: mdf@pagevalue on input line 895.
)
\c@notation=\count348
(/home/macosma1/.TinyTeX/texmf-dist/tex/latex/tcolorbox/tcolorbox.sty
Package: tcolorbox 2022/06/24 version 5.1.1 text color boxes
(/home/macosma1/.TinyTeX/texmf-dist/tex/latex/tools/verbatim.sty
Package: verbatim 2022-07-02 v1.5u LaTeX2e package for verbatim enhancements
\every@verbatim=\toks50
\verbatim@line=\toks51
\verbatim@in@stream=\read5
) (/home/macosma1/.TinyTeX/texmf-dist/tex/latex/environ/environ.sty
Package: environ 2014/05/04 v0.3 A new way to define environments
(/home/macosma1/.TinyTeX/texmf-dist/tex/latex/trimspaces/trimspaces.sty
Package: trimspaces 2009/09/17 v1.1 Trim spaces around a token list
))
\tcb@titlebox=\box80
\tcb@upperbox=\box81
\tcb@lowerbox=\box82
\tcb@phantombox=\box83
\c@tcbbreakpart=\count349
\c@tcblayer=\count350
\c@tcolorbox@number=\count351
\tcb@temp=\box84
\tcb@temp=\box85
\tcb@temp=\box86
\tcb@temp=\box87
) (/home/macosma1/.TinyTeX/texmf-dist/tex/generic/pgf/frontendlayer/tikz/libraries/tikzlibrarytrees.code.tex
File: tikzlibrarytrees.code.tex 2021/05/15 v3.1.9a (3.1.9a)
) (/home/macosma1/.TinyTeX/texmf-dist/tex/latex/tools/array.sty
Package: array 2022/09/04 v2.5g Tabular extension package (FMi)
\col@sep=\dimen296
\ar@mcellbox=\box88
\extrarowheight=\dimen297
\NC@list=\toks52
\extratabsurround=\skip153
\backup@length=\skip154
\ar@cellbox=\box89
) (/home/macosma1/.TinyTeX/texmf-dist/tex/latex/multirow/multirow.sty
Package: multirow 2021/03/15 v2.8 Span multiple rows of a table
\multirow@colwidth=\skip155
\multirow@cntb=\count352
\multirow@dima=\skip156
\bigstrutjot=\dimen298
) (/home/macosma1/.TinyTeX/texmf-dist/tex/latex/wrapfig/wrapfig.sty
\wrapoverhang=\dimen299
\WF@size=\dimen300
\c@WF@wrappedlines=\count353
\WF@box=\box90
\WF@everypar=\toks53
Package: wrapfig 2003/01/31  v 3.6
) (/home/macosma1/.TinyTeX/texmf-dist/tex/latex/colortbl/colortbl.sty
Package: colortbl 2022/06/20 v1.0f Color table columns (DPC)
\everycr=\toks54
\minrowclearance=\skip157
\rownum=\count354
) (/home/macosma1/.TinyTeX/texmf-dist/tex/latex/pdflscape/pdflscape.sty
Package: pdflscape 2022-10-27 v0.13 Display of landscape pages in PDF
(/home/macosma1/.TinyTeX/texmf-dist/tex/latex/pdflscape/pdflscape-nometadata.sty
Package: pdflscape-nometadata 2022-10-28 v0.13 Display of landscape pages in PDF (HO)
(/home/macosma1/.TinyTeX/texmf-dist/tex/latex/graphics/lscape.sty
Package: lscape 2020/05/28 v3.02 Landscape Pages (DPC)
)
Package pdflscape Info: Auto-detected driver: pdftex on input line 81.
)) (/home/macosma1/.TinyTeX/texmf-dist/tex/latex/tabu/tabu.sty
Package: tabu 2019/01/11 v2.9 - flexible LaTeX tabulars (FC+tabu-fixed)
(/home/macosma1/.TinyTeX/texmf-dist/tex/latex/varwidth/varwidth.sty
Package: varwidth 2009/03/30 ver 0.92;  Variable-width minipages
\@vwid@box=\box91
\sift@deathcycles=\count355
\@vwid@loff=\dimen301
\@vwid@roff=\dimen302
)
\c@taburow=\count356
\tabu@nbcols=\count357
\tabu@cnt=\count358
\tabu@Xcol=\count359
\tabu@alloc=\count360
\tabu@nested=\count361
\tabu@target=\dimen303
\tabu@spreadtarget=\dimen304
\tabu@naturalX=\dimen305
\tabucolX=\dimen306
\tabu@Xsum=\dimen307
\extrarowdepth=\dimen308
\abovetabulinesep=\dimen309
\belowtabulinesep=\dimen310
\tabustrutrule=\dimen311
\tabu@thebody=\toks55
\tabu@footnotes=\toks56
\tabu@box=\box92
\tabu@arstrutbox=\box93
\tabu@hleads=\box94
\tabu@vleads=\box95
\tabu@cellskip=\skip158
) (/home/macosma1/.TinyTeX/texmf-dist/tex/latex/threeparttable/threeparttable.sty
Package: threeparttable 2003/06/13  v 3.0
\@tempboxb=\box96
) (/home/macosma1/.TinyTeX/texmf-dist/tex/latex/subfig/subfig.sty
Package: subfig 2005/06/28 ver: 1.3 subfig package
(/home/macosma1/.TinyTeX/texmf-dist/tex/latex/caption/caption.sty
Package: caption 2022/03/01 v3.6b Customizing captions (AR)
(/home/macosma1/.TinyTeX/texmf-dist/tex/latex/caption/caption3.sty
Package: caption3 2022/03/17 v2.3b caption3 kernel (AR)
\caption@tempdima=\dimen312
\captionmargin=\dimen313
\caption@leftmargin=\dimen314
\caption@rightmargin=\dimen315
\caption@width=\dimen316
\caption@indent=\dimen317
\caption@parindent=\dimen318
\caption@hangindent=\dimen319
Package caption Info: Standard document class detected.
)
\c@caption@flags=\count362
\c@continuedfloat=\count363
Package caption Info: float package is loaded.
Package caption Info: hyperref package is loaded.
Package caption Info: longtable package is loaded.
(/home/macosma1/.TinyTeX/texmf-dist/tex/latex/caption/ltcaption.sty
Package: ltcaption 2021/01/08 v1.4c longtable captions (AR)
)
Package caption Info: threeparttable package is loaded.
Package caption Info: wrapfig package is loaded.
)
\c@KVtest=\count364
\sf@farskip=\skip159
\sf@captopadj=\dimen320
\sf@capskip=\skip160
\sf@nearskip=\skip161
\c@subfigure=\count365
\c@subfigure@save=\count366
\c@lofdepth=\count367
\c@subtable=\count368
\c@subtable@save=\count369
\c@lotdepth=\count370
\sf@top=\skip162
\sf@bottom=\skip163
) (/home/macosma1/.TinyTeX/texmf-dist/tex/latex/tools/dcolumn.sty
Package: dcolumn 2014/10/28 v1.06 decimal alignment package (DPC)
) (/home/macosma1/.TinyTeX/texmf-dist/tex/latex/graphics/rotating.sty
Package: rotating 2016/08/11 v2.16d rotated objects in LaTeX
\c@r@tfl@t=\count371
\rotFPtop=\skip164
\rotFPbot=\skip165
\rot@float@box=\box97
\rot@mess@toks=\toks57
) (/home/macosma1/.TinyTeX/texmf-dist/tex/latex/realboxes/realboxes.sty
Package: realboxes 2011/08/08 v0.2 Change box commands to read there content as real boxes
(/home/macosma1/.TinyTeX/texmf-dist/tex/latex/collectbox/collectbox.sty
Package: collectbox 2022/10/17 v0.4c Collect macro arguments as boxes
\collectedbox=\box98
)) (/home/macosma1/.TinyTeX/texmf-dist/tex/latex/threeparttablex/threeparttablex.sty
Package: threeparttablex 2013/07/23 v0.3 by daleif
\TPTL@width=\skip166
) (/home/macosma1/.TinyTeX/texmf-dist/tex/generic/ulem/ulem.sty
\UL@box=\box99
\UL@hyphenbox=\box100
\UL@skip=\skip167
\UL@hook=\toks58
\UL@height=\dimen321
\UL@pe=\count372
\UL@pixel=\dimen322
\ULC@box=\box101
Package: ulem 2019/11/18
\ULdepth=\dimen323
) (/home/macosma1/.TinyTeX/texmf-dist/tex/latex/makecell/makecell.sty
Package: makecell 2009/08/03 V0.1e Managing of Tab Column Heads and Cells
\rotheadsize=\dimen324
\c@nlinenum=\count373
\TeXr@lab=\toks59
) (./tfe_principal.aux
LaTeX Info: Redefining \. on input line 20.
LaTeX Info: Redefining \% on input line 20.
)
\openout1 = `tfe_principal.aux'.

LaTeX Font Info:    Checking defaults for OML/cmm/m/it on input line 539.
LaTeX Font Info:    ... okay on input line 539.
LaTeX Font Info:    Checking defaults for OMS/cmsy/m/n on input line 539.
LaTeX Font Info:    ... okay on input line 539.
LaTeX Font Info:    Checking defaults for OT1/cmr/m/n on input line 539.
LaTeX Font Info:    ... okay on input line 539.
LaTeX Font Info:    Checking defaults for T1/cmr/m/n on input line 539.
LaTeX Font Info:    ... okay on input line 539.
LaTeX Font Info:    Checking defaults for TS1/cmr/m/n on input line 539.
LaTeX Font Info:    ... okay on input line 539.
LaTeX Font Info:    Checking defaults for OMX/cmex/m/n on input line 539.
LaTeX Font Info:    ... okay on input line 539.
LaTeX Font Info:    Checking defaults for U/cmr/m/n on input line 539.
LaTeX Font Info:    ... okay on input line 539.
LaTeX Font Info:    Checking defaults for PD1/pdf/m/n on input line 539.
LaTeX Font Info:    ... okay on input line 539.
LaTeX Font Info:    Checking defaults for PU/pdf/m/n on input line 539.
LaTeX Font Info:    ... okay on input line 539.
*geometry* driver: auto-detecting
*geometry* detected driver: pdftex
*geometry* verbose mode - [ preamble ] result:
* driver: pdftex
* paper: a4paper
* layout: <same size as paper>
* layoutoffset:(h,v)=(0.0pt,0.0pt)
* modes: 
* h-part:(L,W,R)=(72.26999pt, 452.9679pt, 72.26999pt)
* v-part:(T,H,B)=(72.26999pt, 700.50687pt, 72.26999pt)
* \paperwidth=597.50787pt
* \paperheight=845.04684pt
* \textwidth=452.9679pt
* \textheight=700.50687pt
* \oddsidemargin=0.0pt
* \evensidemargin=0.0pt
* \topmargin=-31.8738pt
* \headheight=12.0pt
* \headsep=19.8738pt
* \topskip=12.0pt
* \footskip=30.0pt
* \marginparwidth=38.0pt
* \marginparsep=7.0pt
* \columnsep=10.0pt
* \skip\footins=10.8pt plus 4.0pt minus 2.0pt
* \hoffset=0.0pt
* \voffset=0.0pt
* \mag=1000
* \@twocolumnfalse
* \@twosidefalse
* \@mparswitchfalse
* \@reversemarginfalse
* (1in=72.27pt=25.4mm, 1cm=28.453pt)

Package hyperref Info: Link coloring ON on input line 539.
(./tfe_principal.out) (./tfe_principal.out)
\@outlinefile=\write5
\openout5 = `tfe_principal.out'.

(/home/macosma1/.TinyTeX/texmf-dist/tex/latex/epstopdf-pkg/epstopdf-base.sty
Package: epstopdf-base 2020-01-24 v2.11 Base part for package epstopdf
Package epstopdf-base Info: Redefining graphics rule for `.eps' on input line 485.
(/home/macosma1/.TinyTeX/texmf-dist/tex/latex/latexconfig/epstopdf-sys.cfg
File: epstopdf-sys.cfg 2010/07/13 v1.3 Configuration of (r)epstopdf for TeX Live
))
LaTeX Info: Redefining \. on input line 539.
LaTeX Info: Redefining \% on input line 539.
Package caption Info: Begin \AtBeginDocument code.
Package caption Info: subfig package v1.3 is loaded.
Package caption Info: rotating package is loaded.
Package caption Info: End \AtBeginDocument code.
(./tfe_principal.toc
LaTeX Info: Redefining \. on input line 1.
LaTeX Info: Redefining \% on input line 1.
LaTeX Font Info:    Trying to load font information for OT1+lmr on input line 2.
(/home/macosma1/.TinyTeX/texmf-dist/tex/latex/lm/ot1lmr.fd
File: ot1lmr.fd 2015/05/01 v1.6.1 Font defs for Latin Modern
)
LaTeX Font Info:    Trying to load font information for OML+lmm on input line 2.
(/home/macosma1/.TinyTeX/texmf-dist/tex/latex/lm/omllmm.fd
File: omllmm.fd 2015/05/01 v1.6.1 Font defs for Latin Modern
)
LaTeX Font Info:    Trying to load font information for OMS+lmsy on input line 2.
(/home/macosma1/.TinyTeX/texmf-dist/tex/latex/lm/omslmsy.fd
File: omslmsy.fd 2015/05/01 v1.6.1 Font defs for Latin Modern
)
LaTeX Font Info:    Trying to load font information for OMX+lmex on input line 2.
(/home/macosma1/.TinyTeX/texmf-dist/tex/latex/lm/omxlmex.fd
File: omxlmex.fd 2015/05/01 v1.6.1 Font defs for Latin Modern
)
LaTeX Font Info:    External font `lmex10' loaded for size
(Font)              <12> on input line 2.
LaTeX Font Info:    External font `lmex10' loaded for size
(Font)              <8> on input line 2.
LaTeX Font Info:    External font `lmex10' loaded for size
(Font)              <6> on input line 2.
LaTeX Font Info:    Trying to load font information for U+msa on input line 2.
(/home/macosma1/.TinyTeX/texmf-dist/tex/latex/amsfonts/umsa.fd
File: umsa.fd 2013/01/14 v3.01 AMS symbols A
)
LaTeX Font Info:    Trying to load font information for U+msb on input line 2.
(/home/macosma1/.TinyTeX/texmf-dist/tex/latex/amsfonts/umsb.fd
File: umsb.fd 2013/01/14 v3.01 AMS symbols B
)
Overfull \hbox (0.56052pt too wide) detected at line 5
 [][]
 []

[1



{/home/macosma1/.TinyTeX/texmf-var/fonts/map/pdftex/updmap/pdftex.map}])
\tf@toc=\write6
\openout6 = `tfe_principal.toc'.

[2] (./tfe_principal.lof
LaTeX Info: Redefining \. on input line 1.
LaTeX Info: Redefining \% on input line 1.
[3


])
\tf@lof=\write7
\openout7 = `tfe_principal.lof'.

[4] (./tfe_principal.lot
LaTeX Info: Redefining \. on input line 1.
LaTeX Info: Redefining \% on input line 1.
)
\tf@lot=\write8
\openout8 = `tfe_principal.lot'.

[5


] [6

] [7

] [8

]
Cap\'{\i }tulo 1.
[1


]
Cap\'{\i }tulo 2.
[2

]
Cap\'{\i }tulo 3.
[3

]
LaTeX Info: Redefining \. on input line 947.
LaTeX Info: Redefining \% on input line 947.
LaTeX Info: Redefining \. on input line 947.
LaTeX Info: Redefining \% on input line 947.
[4]
LaTeX Info: Redefining \. on input line 989.
LaTeX Info: Redefining \% on input line 989.
LaTeX Info: Redefining \. on input line 989.
LaTeX Info: Redefining \% on input line 989.
[5]
Cap\'{\i }tulo 4.
<graficos/modelo_metodologia.png, id=415, 363.60844pt x 417.05812pt>
File: graficos/modelo_metodologia.png Graphic file (type png)
<use graficos/modelo_metodologia.png>
Package pdftex.def Info: graficos/modelo_metodologia.png  used on input line 999.
(pdftex.def)             Requested size: 327.24457pt x 349.74161pt.
[6

 <./graficos/modelo_metodologia.png>]
LaTeX Font Info:    Trying to load font information for TS1+lmr on input line 1060.
(/home/macosma1/.TinyTeX/texmf-dist/tex/latex/lm/ts1lmr.fd
File: ts1lmr.fd 2015/05/01 v1.6.1 Font defs for Latin Modern
)
LaTeX Info: Redefining \. on input line 1062.
LaTeX Info: Redefining \% on input line 1062.
LaTeX Info: Redefining \. on input line 1062.
LaTeX Info: Redefining \% on input line 1062.
[7]
<graficos/PagWeb5.png, id=432, 424.58624pt x 427.5975pt>
File: graficos/PagWeb5.png Graphic file (type png)
<use graficos/PagWeb5.png>
Package pdftex.def Info: graficos/PagWeb5.png  used on input line 1103.
(pdftex.def)             Requested size: 260.17244pt x 262.02809pt.
LaTeX Info: Redefining \. on input line 1112.
LaTeX Info: Redefining \% on input line 1112.
LaTeX Info: Redefining \. on input line 1112.
LaTeX Info: Redefining \% on input line 1112.
[8]
LaTeX Info: Redefining \. on input line 1168.
LaTeX Info: Redefining \% on input line 1168.
LaTeX Info: Redefining \. on input line 1168.
LaTeX Info: Redefining \% on input line 1168.
[9 <./graficos/PagWeb5.png>]
Cap\'{\i }tulo 5.
<graficos/PagWeb1.png, id=449, 320.99925pt x 110.814pt>
File: graficos/PagWeb1.png Graphic file (type png)
<use graficos/PagWeb1.png>
Package pdftex.def Info: graficos/PagWeb1.png  used on input line 1186.
(pdftex.def)             Requested size: 383.03122pt x 132.24057pt.
[10

 <./graficos/PagWeb1.png>]
<graficos/PagWeb2.png, id=463, 452.892pt x 262.94235pt>
File: graficos/PagWeb2.png Graphic file (type png)
<use graficos/PagWeb2.png>
Package pdftex.def Info: graficos/PagWeb2.png  used on input line 1222.
(pdftex.def)             Requested size: 426.39255pt x 247.56305pt.
LaTeX Info: Redefining \. on input line 1256.
LaTeX Info: Redefining \% on input line 1256.
LaTeX Info: Redefining \. on input line 1256.
LaTeX Info: Redefining \% on input line 1256.
[11 <./graficos/PagWeb2.png>]
<graficos/PagWeb3.png, id=472, 453.01245pt x 76.96754pt>
File: graficos/PagWeb3.png Graphic file (type png)
<use graficos/PagWeb3.png>
Package pdftex.def Info: graficos/PagWeb3.png  used on input line 1278.
(pdftex.def)             Requested size: 424.55865pt x 76.96733pt.
LaTeX Info: Redefining \. on input line 1287.
LaTeX Info: Redefining \% on input line 1287.
LaTeX Info: Redefining \. on input line 1287.
LaTeX Info: Redefining \% on input line 1287.
[12]
LaTeX Info: Redefining \. on input line 1337.
LaTeX Info: Redefining \% on input line 1337.
LaTeX Info: Redefining \. on input line 1337.
LaTeX Info: Redefining \% on input line 1337.
[13 <./graficos/PagWeb3.png>]
<graficos/WebScraping1.png, id=487, 1712.3975pt x 527.9725pt>
File: graficos/WebScraping1.png Graphic file (type png)
<use graficos/WebScraping1.png>
Package pdftex.def Info: graficos/WebScraping1.png  used on input line 1361.
(pdftex.def)             Requested size: 426.39255pt x 131.46109pt.
<graficos/WebScraping2.png, id=490, 355.3275pt x 110.21175pt>
File: graficos/WebScraping2.png Graphic file (type png)
<use graficos/WebScraping2.png>
Package pdftex.def Info: graficos/WebScraping2.png  used on input line 1387.
(pdftex.def)             Requested size: 411.93877pt x 127.77507pt.
LaTeX Info: Redefining \. on input line 1396.
LaTeX Info: Redefining \% on input line 1396.
LaTeX Info: Redefining \. on input line 1396.
LaTeX Info: Redefining \% on input line 1396.
[14 <./graficos/WebScraping1.png>]
<graficos/WebScraping3.png, id=498, 452.892pt x 107.2005pt>
File: graficos/WebScraping3.png Graphic file (type png)
<use graficos/WebScraping3.png>
Package pdftex.def Info: graficos/WebScraping3.png  used on input line 1414.
(pdftex.def)             Requested size: 419.16621pt x 99.21942pt.
<graficos/WebScraping4.png, id=501, 417.35925pt x 166.221pt>
File: graficos/WebScraping4.png Graphic file (type png)
<use graficos/WebScraping4.png>
Package pdftex.def Info: graficos/WebScraping4.png  used on input line 1441.
(pdftex.def)             Requested size: 419.16621pt x 166.94595pt.
LaTeX Info: Redefining \. on input line 1450.
LaTeX Info: Redefining \% on input line 1450.
LaTeX Info: Redefining \. on input line 1450.
LaTeX Info: Redefining \% on input line 1450.
[15 <./graficos/WebScraping2.png> <./graficos/WebScraping3.png>]
<graficos/WebScraping5.png, id=512, 1748.5325pt x 662.475pt>
File: graficos/WebScraping5.png Graphic file (type png)
<use graficos/WebScraping5.png>
Package pdftex.def Info: graficos/WebScraping5.png  used on input line 1461.
(pdftex.def)             Requested size: 426.39255pt x 161.5446pt.
LaTeX Info: Redefining \. on input line 1480.
LaTeX Info: Redefining \% on input line 1480.
LaTeX Info: Redefining \. on input line 1480.
LaTeX Info: Redefining \% on input line 1480.
[16 <./graficos/WebScraping4.png> <./graficos/WebScraping5.png>]
LaTeX Info: Redefining \. on input line 1549.
LaTeX Info: Redefining \% on input line 1549.
LaTeX Info: Redefining \. on input line 1549.
LaTeX Info: Redefining \% on input line 1549.
[17]
LaTeX Info: Redefining \. on input line 1585.
LaTeX Info: Redefining \% on input line 1585.
LaTeX Info: Redefining \. on input line 1585.
LaTeX Info: Redefining \% on input line 1585.
[18]
Cap\'{\i }tulo 6.
<figurasR/unnamed-chunk-28-1.pdf, id=533, 469.755pt x 325.215pt>
File: figurasR/unnamed-chunk-28-1.pdf Graphic file (type pdf)
<use figurasR/unnamed-chunk-28-1.pdf>
Package pdftex.def Info: figurasR/unnamed-chunk-28-1.pdf  used on input line 1600.
(pdftex.def)             Requested size: 469.75386pt x 281.11247pt.

Overfull \hbox (16.78596pt too wide) in paragraph at lines 1600--1601
[][] 
 []

<figurasR/unnamed-chunk-29-1.pdf, id=535, 469.755pt x 325.215pt>
File: figurasR/unnamed-chunk-29-1.pdf Graphic file (type pdf)
<use figurasR/unnamed-chunk-29-1.pdf>
Package pdftex.def Info: figurasR/unnamed-chunk-29-1.pdf  used on input line 1613.
(pdftex.def)             Requested size: 399.29364pt x 238.94731pt.
[19

 <./figurasR/unnamed-chunk-28-1.pdf>]
LaTeX Info: Redefining \. on input line 1668.
LaTeX Info: Redefining \% on input line 1668.
[20 <./figurasR/unnamed-chunk-29-1.pdf>]
<figurasR/unnamed-chunk-31-1.pdf, id=572, 469.755pt x 325.215pt>
File: figurasR/unnamed-chunk-31-1.pdf Graphic file (type pdf)
<use figurasR/unnamed-chunk-31-1.pdf>
Package pdftex.def Info: figurasR/unnamed-chunk-31-1.pdf  used on input line 1685.
(pdftex.def)             Requested size: 399.29364pt x 238.94731pt.
<figurasR/unnamed-chunk-32-1.pdf, id=577, 469.755pt x 325.215pt>
File: figurasR/unnamed-chunk-32-1.pdf Graphic file (type pdf)
<use figurasR/unnamed-chunk-32-1.pdf>
Package pdftex.def Info: figurasR/unnamed-chunk-32-1.pdf  used on input line 1705.
(pdftex.def)             Requested size: 399.29364pt x 238.94731pt.
LaTeX Info: Redefining \. on input line 1713.
LaTeX Info: Redefining \% on input line 1713.
[21 <./figurasR/unnamed-chunk-31-1.pdf>]
<figurasR/unnamed-chunk-33-1.pdf, id=591, 469.755pt x 325.215pt>
File: figurasR/unnamed-chunk-33-1.pdf Graphic file (type pdf)
<use figurasR/unnamed-chunk-33-1.pdf>
Package pdftex.def Info: figurasR/unnamed-chunk-33-1.pdf  used on input line 1718.
(pdftex.def)             Requested size: 399.29364pt x 238.94731pt.
LaTeX Info: Redefining \. on input line 1741.
LaTeX Info: Redefining \% on input line 1741.
[22 <./figurasR/unnamed-chunk-32-1.pdf> <./figurasR/unnamed-chunk-33-1.pdf>]
LaTeX Info: Redefining \. on input line 1770.
LaTeX Info: Redefining \% on input line 1770.
[23]
Cap\'{\i }tulo 7.
[24

]
LaTeX Info: Redefining \. on input line 1886.
LaTeX Info: Redefining \% on input line 1886.
[25]
<figurasR/unnamed-chunk-41-1.pdf, id=632, 469.755pt x 325.215pt>
File: figurasR/unnamed-chunk-41-1.pdf Graphic file (type pdf)
<use figurasR/unnamed-chunk-41-1.pdf>
Package pdftex.def Info: figurasR/unnamed-chunk-41-1.pdf  used on input line 1915.
(pdftex.def)             Requested size: 375.80377pt x 260.17235pt.
<figurasR/unnamed-chunk-41-2.pdf, id=633, 469.755pt x 325.215pt>
File: figurasR/unnamed-chunk-41-2.pdf Graphic file (type pdf)
<use figurasR/unnamed-chunk-41-2.pdf>
Package pdftex.def Info: figurasR/unnamed-chunk-41-2.pdf  used on input line 1916.
(pdftex.def)             Requested size: 375.80377pt x 260.17235pt.
LaTeX Info: Redefining \. on input line 1925.
LaTeX Info: Redefining \% on input line 1925.
[26]
LaTeX Info: Redefining \. on input line 1937.
LaTeX Info: Redefining \% on input line 1937.
[27 <./figurasR/unnamed-chunk-41-1.pdf> <./figurasR/unnamed-chunk-41-2.pdf>]
<figurasR/unnamed-chunk-43-1.pdf, id=655, 469.755pt x 325.215pt>
File: figurasR/unnamed-chunk-43-1.pdf Graphic file (type pdf)
<use figurasR/unnamed-chunk-43-1.pdf>
Package pdftex.def Info: figurasR/unnamed-chunk-43-1.pdf  used on input line 1941.
(pdftex.def)             Requested size: 375.80377pt x 260.17235pt.
<figurasR/unnamed-chunk-43-2.pdf, id=656, 469.755pt x 325.215pt>
File: figurasR/unnamed-chunk-43-2.pdf Graphic file (type pdf)
<use figurasR/unnamed-chunk-43-2.pdf>
Package pdftex.def Info: figurasR/unnamed-chunk-43-2.pdf  used on input line 1942.
(pdftex.def)             Requested size: 375.80377pt x 260.17235pt.
LaTeX Info: Redefining \. on input line 1963.
LaTeX Info: Redefining \% on input line 1963.
[28 <./figurasR/unnamed-chunk-43-1.pdf> <./figurasR/unnamed-chunk-43-2.pdf>]
<figurasR/unnamed-chunk-45-1.pdf, id=673, 578.16pt x 786.94pt>
File: figurasR/unnamed-chunk-45-1.pdf Graphic file (type pdf)
<use figurasR/unnamed-chunk-45-1.pdf>
Package pdftex.def Info: figurasR/unnamed-chunk-45-1.pdf  used on input line 1968.
(pdftex.def)             Requested size: 397.48499pt x 541.01993pt.
LaTeX Info: Redefining \. on input line 1983.
LaTeX Info: Redefining \% on input line 1983.
[29 <./figurasR/unnamed-chunk-45-1.pdf>]
<figurasR/unnamed-chunk-46-1.pdf, id=686, 469.755pt x 325.215pt>
File: figurasR/unnamed-chunk-46-1.pdf Graphic file (type pdf)
<use figurasR/unnamed-chunk-46-1.pdf>
Package pdftex.def Info: figurasR/unnamed-chunk-46-1.pdf  used on input line 1988.
(pdftex.def)             Requested size: 433.62pt x 300.19887pt.
<figurasR/unnamed-chunk-47-1.pdf, id=687, 469.755pt x 325.215pt>
File: figurasR/unnamed-chunk-47-1.pdf Graphic file (type pdf)
<use figurasR/unnamed-chunk-47-1.pdf>
Package pdftex.def Info: figurasR/unnamed-chunk-47-1.pdf  used on input line 2011.
(pdftex.def)             Requested size: 433.62pt x 300.19887pt.
LaTeX Info: Redefining \. on input line 2020.
LaTeX Info: Redefining \% on input line 2020.
[30 <./figurasR/unnamed-chunk-46-1.pdf>]
LaTeX Info: Redefining \. on input line 2037.
LaTeX Info: Redefining \% on input line 2037.
[31 <./figurasR/unnamed-chunk-47-1.pdf>]
<figurasR/unnamed-chunk-48-1.pdf, id=707, 469.755pt x 325.215pt>
File: figurasR/unnamed-chunk-48-1.pdf Graphic file (type pdf)
<use figurasR/unnamed-chunk-48-1.pdf>
Package pdftex.def Info: figurasR/unnamed-chunk-48-1.pdf  used on input line 2043.
(pdftex.def)             Requested size: 448.07378pt x 310.20302pt.
LaTeX Info: Redefining \. on input line 2099.
LaTeX Info: Redefining \% on input line 2099.
[32

 <./figurasR/unnamed-chunk-48-1.pdf>]
Cap\'{\i }tulo 8.
[33

]
Overfull \hbox (8.04144pt too wide) in paragraph at lines 2183--2183
 []|\T1/lmr/m/n/12 Exponencial| 
 []

LaTeX Info: Redefining \. on input line 2232.
LaTeX Info: Redefining \% on input line 2232.
LaTeX Info: Redefining \. on input line 2232.
LaTeX Info: Redefining \% on input line 2232.
[34]
<figurasR/unnamed-chunk-53-1.pdf, id=752, 448.67625pt x 548.0475pt>
File: figurasR/unnamed-chunk-53-1.pdf Graphic file (type pdf)
<use figurasR/unnamed-chunk-53-1.pdf>
Package pdftex.def Info: figurasR/unnamed-chunk-53-1.pdf  used on input line 2261.
(pdftex.def)             Requested size: 339.66878pt x 414.91483pt.
LaTeX Info: Redefining \. on input line 2270.
LaTeX Info: Redefining \% on input line 2270.
LaTeX Info: Redefining \. on input line 2270.
LaTeX Info: Redefining \% on input line 2270.
[35]
LaTeX Info: Redefining \. on input line 2294.
LaTeX Info: Redefining \% on input line 2294.
LaTeX Info: Redefining \. on input line 2294.
LaTeX Info: Redefining \% on input line 2294.
[36 <./figurasR/unnamed-chunk-53-1.pdf>]
<figurasR/unnamed-chunk-54-1.pdf, id=785, 401.5pt x 301.125pt>
File: figurasR/unnamed-chunk-54-1.pdf Graphic file (type pdf)
<use figurasR/unnamed-chunk-54-1.pdf>
Package pdftex.def Info: figurasR/unnamed-chunk-54-1.pdf  used on input line 2325.
(pdftex.def)             Requested size: 301.12425pt x 144.75298pt.
<figurasR/unnamed-chunk-57-1.pdf, id=787, 469.755pt x 325.215pt>
File: figurasR/unnamed-chunk-57-1.pdf Graphic file (type pdf)
<use figurasR/unnamed-chunk-57-1.pdf>
Package pdftex.def Info: figurasR/unnamed-chunk-57-1.pdf  used on input line 2344.
(pdftex.def)             Requested size: 433.62pt x 300.19887pt.
LaTeX Info: Redefining \. on input line 2353.
LaTeX Info: Redefining \% on input line 2353.
LaTeX Info: Redefining \. on input line 2353.
LaTeX Info: Redefining \% on input line 2353.
[37 <./figurasR/unnamed-chunk-54-1.pdf>]
LaTeX Info: Redefining \. on input line 2391.
LaTeX Info: Redefining \% on input line 2391.
LaTeX Info: Redefining \. on input line 2391.
LaTeX Info: Redefining \% on input line 2391.
[38 <./figurasR/unnamed-chunk-57-1.pdf>]
Cap\'{\i }tulo 9.
<figurasR/unnamed-chunk-59-1.pdf, id=817, 490.83376pt x 725.71124pt>
File: figurasR/unnamed-chunk-59-1.pdf Graphic file (type pdf)
<use figurasR/unnamed-chunk-59-1.pdf>
Package pdftex.def Info: figurasR/unnamed-chunk-59-1.pdf  used on input line 2434.
(pdftex.def)             Requested size: 325.215pt x 480.8534pt.
[39

]
LaTeX Info: Redefining \. on input line 2459.
LaTeX Info: Redefining \% on input line 2459.
LaTeX Info: Redefining \. on input line 2459.
LaTeX Info: Redefining \% on input line 2459.
[40 <./figurasR/unnamed-chunk-59-1.pdf>]
<figurasR/unnamed-chunk-60-1.pdf, id=845, 469.755pt x 325.215pt>
File: figurasR/unnamed-chunk-60-1.pdf Graphic file (type pdf)
<use figurasR/unnamed-chunk-60-1.pdf>
Package pdftex.def Info: figurasR/unnamed-chunk-60-1.pdf  used on input line 2479.
(pdftex.def)             Requested size: 449.83707pt x 259.77296pt.
LaTeX Info: Redefining \. on input line 2523.
LaTeX Info: Redefining \% on input line 2523.
LaTeX Info: Redefining \. on input line 2523.
LaTeX Info: Redefining \% on input line 2523.
[41 <./figurasR/unnamed-chunk-60-1.pdf>]
<Modelos_regresion/Modelos_regresion_multi5.pdf, id=860, 597.19106pt x 845.07718pt>
File: Modelos_regresion/Modelos_regresion_multi5.pdf Graphic file (type pdf)
<use Modelos_regresion/Modelos_regresion_multi5.pdf>
Package pdftex.def Info: Modelos_regresion/Modelos_regresion_multi5.pdf  used on input line 2534.
(pdftex.def)             Requested size: 435.391pt x 648.52386pt.
LaTeX Info: Redefining \. on input line 2543.
LaTeX Info: Redefining \% on input line 2543.
LaTeX Info: Redefining \. on input line 2543.
LaTeX Info: Redefining \% on input line 2543.
[42]
Overfull \vbox (15.51698pt too high) has occurred while \output is active []

LaTeX Info: Redefining \. on input line 2543.
LaTeX Info: Redefining \% on input line 2543.
LaTeX Info: Redefining \. on input line 2543.
LaTeX Info: Redefining \% on input line 2543.
[43 <./Modelos_regresion/Modelos_regresion_multi5.pdf>]
LaTeX Info: Redefining \. on input line 2572.
LaTeX Info: Redefining \% on input line 2572.
LaTeX Info: Redefining \. on input line 2572.
LaTeX Info: Redefining \% on input line 2572.
[44]
Cap\'{\i }tulo 10.
[45


]
LaTeX Info: Redefining \. on input line 2682.
LaTeX Info: Redefining \% on input line 2682.
[46]
Ap\'{e}ndice A.
LaTeX Font Info:    Trying to load font information for T1+lmtt on input line 2691.
(/home/macosma1/.TinyTeX/texmf-dist/tex/latex/lm/t1lmtt.fd
File: t1lmtt.fd 2015/05/01 v1.6.1 Font defs for Latin Modern
)
LaTeX Font Info:    External font `lmex10' loaded for size
(Font)              <5> on input line 2696.
LaTeX Font Info:    Font shape `T1/lmtt/bx/n' in size <6> not available
(Font)              Font shape `T1/lmtt/b/n' tried instead on input line 2697.
LaTeX Font Info:    Trying to load font information for TS1+lmtt on input line 2744.
(/home/macosma1/.TinyTeX/texmf-dist/tex/latex/lm/ts1lmtt.fd
File: ts1lmtt.fd 2015/05/01 v1.6.1 Font defs for Latin Modern
) [47

]
LaTeX Info: Redefining \. on input line 2932.
LaTeX Info: Redefining \% on input line 2932.
LaTeX Info: Redefining \. on input line 2932.
LaTeX Info: Redefining \% on input line 2932.
[48]
LaTeX Info: Redefining \. on input line 2963.
LaTeX Info: Redefining \% on input line 2963.
LaTeX Info: Redefining \. on input line 2963.
LaTeX Info: Redefining \% on input line 2963.
[49]
Ap\'{e}ndice B.

LaTeX Font Warning: Font shape `T1/lmtt/bx/it' in size <6> not available
(Font)              Font shape `T1/lmtt/b/sl' tried instead on input line 2974.

[50

]
LaTeX Info: Redefining \. on input line 3106.
LaTeX Info: Redefining \% on input line 3106.
LaTeX Info: Redefining \. on input line 3106.
LaTeX Info: Redefining \% on input line 3106.
[51]
LaTeX Info: Redefining \. on input line 3211.
LaTeX Info: Redefining \% on input line 3211.
LaTeX Info: Redefining \. on input line 3211.
LaTeX Info: Redefining \% on input line 3211.
[52

]
LaTeX Info: Redefining \. on input line 3382.
LaTeX Info: Redefining \% on input line 3382.
LaTeX Info: Redefining \. on input line 3382.
LaTeX Info: Redefining \% on input line 3382.
[53

]
LaTeX Info: Redefining \. on input line 3386.
LaTeX Info: Redefining \% on input line 3386.
LaTeX Info: Redefining \. on input line 3386.
LaTeX Info: Redefining \% on input line 3386.
[54]
LaTeX Info: Redefining \. on input line 3572.
LaTeX Info: Redefining \% on input line 3572.
LaTeX Info: Redefining \. on input line 3572.
LaTeX Info: Redefining \% on input line 3572.
[55

]
LaTeX Info: Redefining \. on input line 3603.
LaTeX Info: Redefining \% on input line 3603.
LaTeX Info: Redefining \. on input line 3603.
LaTeX Info: Redefining \% on input line 3603.
[56]
Ap\'{e}ndice C.
[57

]
LaTeX Info: Redefining \. on input line 3685.
LaTeX Info: Redefining \% on input line 3685.
LaTeX Info: Redefining \. on input line 3685.
LaTeX Info: Redefining \% on input line 3685.
[58

]
LaTeX Info: Redefining \. on input line 3737.
LaTeX Info: Redefining \% on input line 3737.
LaTeX Info: Redefining \. on input line 3737.
LaTeX Info: Redefining \% on input line 3737.
[59

]
LaTeX Info: Redefining \. on input line 3788.
LaTeX Info: Redefining \% on input line 3788.
LaTeX Info: Redefining \. on input line 3788.
LaTeX Info: Redefining \% on input line 3788.
[60]
LaTeX Info: Redefining \. on input line 3838.
LaTeX Info: Redefining \% on input line 3838.
LaTeX Info: Redefining \. on input line 3838.
LaTeX Info: Redefining \% on input line 3838.
[61]
LaTeX Info: Redefining \. on input line 3887.
LaTeX Info: Redefining \% on input line 3887.
LaTeX Info: Redefining \. on input line 3887.
LaTeX Info: Redefining \% on input line 3887.
[62]
Ap\'{e}ndice D.
<graficos/ODSANNEX.png, id=986, 426.46828pt x 109.1578pt>
File: graficos/ODSANNEX.png Graphic file (type png)
<use graficos/ODSANNEX.png>
Package pdftex.def Info: graficos/ODSANNEX.png  used on input line 3892.
(pdftex.def)             Requested size: 383.03122pt x 98.04623pt.
<graficos/ODS17.png, id=989, 422.32782pt x 213.04594pt>
File: graficos/ODS17.png Graphic file (type png)
<use graficos/ODS17.png>
Package pdftex.def Info: graficos/ODS17.png  used on input line 3914.
(pdftex.def)             Requested size: 383.03122pt x 193.22844pt.
[63

 <./graficos/ODSANNEX.png>]
<graficos/Anexo_ODS_TFG.pdf, id=999, 597.432pt x 845.07718pt>
File: graficos/Anexo_ODS_TFG.pdf Graphic file (type pdf)
<use graficos/Anexo_ODS_TFG.pdf>
Package pdftex.def Info: graficos/Anexo_ODS_TFG.pdf  used on input line 3952.
(pdftex.def)             Requested size: 383.03122pt x 541.81467pt.
LaTeX Info: Redefining \. on input line 3956.
LaTeX Info: Redefining \% on input line 3956.
[64 <./graficos/ODS17.png>]
<graficos/Anexo_ODS_TFG_II.pdf, id=1006, 597.432pt x 845.07718pt>
File: graficos/Anexo_ODS_TFG_II.pdf Graphic file (type pdf)
<use graficos/Anexo_ODS_TFG_II.pdf>
Package pdftex.def Info: graficos/Anexo_ODS_TFG_II.pdf  used on input line 3960.
(pdftex.def)             Requested size: 383.03122pt x 541.81467pt.
LaTeX Info: Redefining \. on input line 3964.
LaTeX Info: Redefining \% on input line 3964.
[65 <./graficos/Anexo_ODS_TFG.pdf>]
LaTeX Info: Redefining \. on input line 3966.
LaTeX Info: Redefining \% on input line 3966.
[66 <./graficos/Anexo_ODS_TFG_II.pdf>] (./tfe_principal.bbl [67


]
Underfull \hbox (badness 1072) in paragraph at lines 103--107
\T1/lmr/m/n/12 do el 02-10-2022; Dis-po-ni-ble en: [][]$https : / / www . un . org / sustainabledevelopment / es /
 []


Package fancyhdr Warning: \headheight is too small (12.0pt): 
(fancyhdr)                Make it at least 14.49998pt, for example:
(fancyhdr)                \setlength{\headheight}{14.49998pt}.
(fancyhdr)                You might also make \topmargin smaller to compensate:
(fancyhdr)                \addtolength{\topmargin}{-2.49998pt}.

[68]

Package fancyhdr Warning: \headheight is too small (12.0pt): 
(fancyhdr)                Make it at least 14.49998pt, for example:
(fancyhdr)                \setlength{\headheight}{14.49998pt}.
(fancyhdr)                You might also make \topmargin smaller to compensate:
(fancyhdr)                \addtolength{\topmargin}{-2.49998pt}.

[69])

Package fancyhdr Warning: \headheight is too small (12.0pt): 
(fancyhdr)                Make it at least 14.49998pt, for example:
(fancyhdr)                \setlength{\headheight}{14.49998pt}.
(fancyhdr)                You might also make \topmargin smaller to compensate:
(fancyhdr)                \addtolength{\topmargin}{-2.49998pt}.

[70] (./tfe_principal.aux
LaTeX Info: Redefining \. on input line 20.
LaTeX Info: Redefining \% on input line 20.
)
Package rerunfilecheck Info: File `tfe_principal.out' has not changed.
(rerunfilecheck)             Checksum: C9B3B1A1526ACBC3E9B81BCA2629BDFF;8857.
 ) 
Here is how much of TeX's memory you used:
 32040 strings out of 476913
 610081 string characters out of 5824275
 1050328 words of memory out of 5000000
 52343 multiletter control sequences out of 15000+600000
 535845 words of font info for 74 fonts, out of 8000000 for 9000
 14 hyphenation exceptions out of 8191
 84i,13n,80p,663b,760s stack positions out of 10000i,1000n,20000p,200000b,200000s
{/home/macosma1/.TinyTeX/texmf-dist/fonts/enc/dvips/lm/lm-ec.enc}{/home/macosma1/.TinyTeX/texmf-dist/fonts/enc/dvips/lm/lm-ts1.enc}{/home/macosma1/.TinyTeX/texmf-dist/fonts/enc/dvips/lm/lm-rm.enc}{/home/macosma1/.TinyTeX/texmf-dist/fonts/enc/dvips/lm/lm-mathex.enc}{/home/macosma1/.TinyTeX/texmf-dist/fonts/enc/dvips/lm/lm-mathit.enc}{/home/macosma1/.TinyTeX/texmf-dist/fonts/enc/dvips/lm/lm-mathsy.enc}</home/macosma1/.TinyTeX/texmf-dist/fonts/type1/public/lm/lmbx12.pfb></home/macosma1/.TinyTeX/texmf-dist/fonts/type1/public/lm/lmcsc10.pfb></home/macosma1/.TinyTeX/texmf-dist/fonts/type1/public/lm/lmex10.pfb></home/macosma1/.TinyTeX/texmf-dist/fonts/type1/public/lm/lmmi12.pfb></home/macosma1/.TinyTeX/texmf-dist/fonts/type1/public/lm/lmmi8.pfb></home/macosma1/.TinyTeX/texmf-dist/fonts/type1/public/lm/lmr10.pfb></home/macosma1/.TinyTeX/texmf-dist/fonts/type1/public/lm/lmr12.pfb></home/macosma1/.TinyTeX/texmf-dist/fonts/type1/public/lm/lmr6.pfb></home/macosma1/.TinyTeX/texmf-dist/fonts/type1/public/lm/lmr8.pfb></home/macosma1/.TinyTeX/texmf-dist/fonts/type1/public/lm/lmri10.pfb></home/macosma1/.TinyTeX/texmf-dist/fonts/type1/public/lm/lmri12.pfb></home/macosma1/.TinyTeX/texmf-dist/fonts/type1/public/lm/lmro8.pfb></home/macosma1/.TinyTeX/texmf-dist/fonts/type1/public/lm/lmsy10.pfb></home/macosma1/.TinyTeX/texmf-dist/fonts/type1/public/lm/lmtk10.pfb></home/macosma1/.TinyTeX/texmf-dist/fonts/type1/public/lm/lmtko10.pfb></home/macosma1/.TinyTeX/texmf-dist/fonts/type1/public/lm/lmtt12.pfb></home/macosma1/.TinyTeX/texmf-dist/fonts/type1/public/lm/lmtt8.pfb></home/macosma1/.TinyTeX/texmf-dist/fonts/type1/public/lm/lmtti10.pfb>
Output written on tfe_principal.pdf (78 pages, 5662855 bytes).
PDF statistics:
 1280 PDF objects out of 1440 (max. 8388607)
 1060 compressed objects within 11 object streams
 277 named destinations out of 1000 (max. 500000)
 582 words of extra memory for PDF output out of 10000 (max. 10000000)

